True coincidence factor calculation results.

Decay branch(es):
 Co-290   B-  Co-290 (0 fs) - 100%

Date: 04/09/2023
Time: 20:18:56

Calculation settings:
cp.xrays = false
cp.annihilation = false
cp.angular = false
cp.angle_optimize = false
cp.calc_full_eff = false
cp.calc_spectrum = false
cp.calc_coincidence = false
cp.calc_scattered = false
cp.calc_effc = false
cp.calc_electron_ttb = true

DetectorType = SCINTILLATOR
DS_CrystalDiameter = 4 cm
DS_CrystalHeight = 4 cm
DS_CrystalFrontReflectorThickness = 0.1 cm
DS_CrystalSideReflectorThickness = 0.1 cm
DS_CrystalFrontCladdingThickness = 0.1 cm
DS_CrystalSideCladdingThickness = 0.1 cm
DS_DetectorFrontPackagingThickness = 0.2 cm
DS_DetectorSidePackagingThickness = 0.5 cm
DS_DetectorFrontCapThickness = 0.1 cm
DS_DetectorSideCapThickness = 0.1 cm
DS_DetectorMountingThickness = 3 cm

DS_nCrystalElements = 2
DS_ZCrystal[0] = 11
DS_ZCrystal[1] = 53
DS_FractionTypeCrystal = MASS
DS_FractionsCrystal[0] = 0.153373
DS_FractionsCrystal[1] = 0.846627
DS_RoCrystal = 3.667
DS_nCrystalCladdingElements = 1
DS_ZCrystalCladding[0] = 13
DS_FractionTypeCrystalCladding = MASS
DS_FractionsCrystalCladding[0] = 1
DS_RoCrystalCladding = 2.7
DS_nCrystalReflectorElements = 2
DS_ZCrystalReflector[0] = 8
DS_ZCrystalReflector[1] = 12
DS_FractionTypeReflector = MASS
DS_FractionsCrystalReflector[0] = 0.396964
DS_FractionsCrystalReflector[1] = 0.603036
DS_RoCrystalReflector = 3.58
DS_nDetectorCapElements = 2
DS_ZDetectorCap[0] = 1
DS_ZDetectorCap[1] = 6
DS_FractionTypeDetectorCap = MASS
DS_FractionsDetectorCap[0] = 0.078
DS_FractionsDetectorCap[1] = 0.922
DS_RoDetectorCap = 0.04
DS_nDetectorPackagingElements = 1
DS_ZDetectorPackaging[0] = 13
DS_FractionTypeDetectorPackaging = MASS
DS_FractionsDetectorPackaging[0] = 1
DS_RoDetectorPackaging = 2.7

SourceType = MARINELLI
SM_BeakerToDetectorFrontDistance = 0 cm
SM_BeakerDiameter = 15.4 cm
SM_BeakerHeight = 11.2 cm
SM_BeakerHoleDiameter = 9.6 cm
SM_BeakerHoleHeight = 6.6 cm
SM_BeakerSideThickness = 0.2 cm
SM_BeakerEndWallThickness = 0.2 cm
SM_BeakerHoleSideThickness = 0.2 cm
SM_BeakerHoleEndWallThickness = 0.2 cm
SM_SourceHeight = 8.6 cm

SM_nWallElements = 3
SM_ZWall[0] = 1
SM_ZWall[1] = 6
SM_ZWall[2] = 8
SM_FractionTypeWall = MASS
SM_FractionsWall[0] = 0.04196
SM_FractionsWall[1] = 0.625016
SM_FractionsWall[2] = 0.333024
SM_RoWall = 1.38
SM_nSourceElements = 2
SM_ZSource[0] = 1
SM_ZSource[1] = 8
SM_FractionTypeSource = MASS
SM_FractionsSource[0] = 0.111899
SM_FractionsSource[1] = 0.888101
SM_RoSource = 1
SM_nEmptySpaceElements = 3
SM_ZEmptySpace[0] = 7
SM_ZEmptySpace[1] = 8
SM_ZEmptySpace[2] = 18
SM_FractionTypeEmptySpace = MASS
SM_FractionsEmptySpace[0] = 0.755
SM_FractionsEmptySpace[1] = 0.2315
SM_FractionsEmptySpace[2] = 0.0129
SM_RoEmptySpace = 0.001

Number of simulated decays: 1000000

Results:
-----------------------------------------------------------------------------------
##	E, MeV	I	dI(%)	CF	dCF(%)	Eff	dEff(%)	Areas	AreasCoi
-----------------------------------------------------------------------------------
1	0.050000	1.0000e-01	0.0000	0.00000	0.00	1.486e-02	2.59	1486.00	0.00
2	0.078803	1.0000e-01	0.0000	0.00000	0.00	1.999e-02	2.24	1999.00	0.00
3	0.124198	1.0000e-01	0.0000	0.00000	0.00	2.303e-02	2.08	2303.00	0.00
4	0.195743	1.0000e-01	0.0000	0.00000	0.00	2.035e-02	2.22	2035.00	0.00
5	0.308503	1.0000e-01	0.0000	0.00000	0.00	1.470e-02	2.61	1470.00	0.00
6	0.486219	1.0000e-01	0.0000	0.00000	0.00	8.980e-03	3.34	898.00	0.00
7	0.766309	1.0000e-01	0.0000	0.00000	0.00	5.300e-03	4.34	530.00	0.00
8	1.207749	1.0000e-01	0.0000	0.00000	0.00	3.010e-03	5.76	301.00	0.00
9	1.903483	1.0000e-01	0.0000	0.00000	0.00	1.620e-03	7.86	162.00	0.00
10	3.000000	1.0000e-01	0.0000	0.00000	0.00	9.900e-04	10.05	99.00	0.00
-----------------------------------------------------------------------------------

