True coincidence factor calculation results.

Decay branch(es):
 

Date: 16/06/2023
Time: 20:52:29

Calculation settings:
cp.xrays = false
cp.annihilation = false
cp.angular = false
cp.angle_optimize = false
cp.calc_full_eff = false
cp.calc_spectrum = false
cp.calc_coincidence = false
cp.calc_scattered = false
cp.calc_effc = false
cp.calc_electron_ttb = false

DetectorType = SCINTILLATOR
DS_CrystalDiameter = 4 cm
DS_CrystalHeight = 4 cm
DS_CrystalFrontReflectorThickness = 0.1 cm
DS_CrystalSideReflectorThickness = 0.1 cm
DS_CrystalFrontCladdingThickness = 0.1 cm
DS_CrystalSideCladdingThickness = 0.1 cm
DS_DetectorFrontPackagingThickness = 0.2 cm
DS_DetectorSidePackagingThickness = 0.5 cm
DS_DetectorFrontCapThickness = 0.1 cm
DS_DetectorSideCapThickness = 0.1 cm
DS_DetectorMountingThickness = 3 cm

DS_nCrystalElements = 2
DS_ZCrystal[0] = 11
DS_ZCrystal[1] = 53
DS_FractionTypeCrystal = MASS
DS_FractionsCrystal[0] = 0.153373
DS_FractionsCrystal[1] = 0.846627
DS_RoCrystal = 3.667
DS_nCrystalCladdingElements = 1
DS_ZCrystalCladding[0] = 13
DS_FractionTypeCrystalCladding = MASS
DS_FractionsCrystalCladding[0] = 1
DS_RoCrystalCladding = 2.7
DS_nCrystalReflectorElements = 2
DS_ZCrystalReflector[0] = 8
DS_ZCrystalReflector[1] = 12
DS_FractionTypeReflector = MASS
DS_FractionsCrystalReflector[0] = 0.396964
DS_FractionsCrystalReflector[1] = 0.603036
DS_RoCrystalReflector = 3.58
DS_nDetectorCapElements = 2
DS_ZDetectorCap[0] = 1
DS_ZDetectorCap[1] = 6
DS_FractionTypeDetectorCap = MASS
DS_FractionsDetectorCap[0] = 0.078
DS_FractionsDetectorCap[1] = 0.922
DS_RoDetectorCap = 0.04
DS_nDetectorPackagingElements = 1
DS_ZDetectorPackaging[0] = 13
DS_FractionTypeDetectorPackaging = MASS
DS_FractionsDetectorPackaging[0] = 1
DS_RoDetectorPackaging = 2.7

ContainerSource: {
	cells: [Celldata: {form: Cuboid, parent_idx: -1, child_idxes: [1], dimension: CellDimension: 5, 5, 5, 0, position: CellPosition: 0, 0, 0, source: cell_source: []; [], material: Material: {rho=1.38}, elements: {1, 0.04196; 6, 0.625016; 8, 0.333024; }}, Celldata: {form: Cuboid, parent_idx: 1, child_idxes: [], dimension: CellDimension: 4.8, 4.8, 4.8, 0, position: CellPosition: 0, 0, 0, source: cell_source: [0.05, 0.078803, 0.124198, 0.195743, 0.308503, 0.486219, 0.766309, 1.20775, 1.90348, 3]; [1000, 1000, 1000, 1000, 1000, 1000, 1000, 1000, 1000, 1000], material: Material: {rho=1}, elements: {1, 0.111899; 8, 0.888101; }}],
	to_det_distance: 0
}
Number of simulated decays: 1000000

Results:
-----------------------------------------------------------------------------------
##	E, MeV	I	dI(%)	CF	dCF(%)	Eff	dEff(%)	Areas	AreasCoi
-----------------------------------------------------------------------------------
1	0.050000	1.0000e-01	0.0000	0.00000	0.00	2.894e-02	1.86	2894.00	0.00
2	0.078803	1.0000e-01	0.0000	0.00000	0.00	3.927e-02	1.60	3927.00	0.00
3	0.124198	1.0000e-01	0.0000	0.00000	0.00	4.057e-02	1.57	4057.00	0.00
4	0.195743	1.0000e-01	0.0000	0.00000	0.00	3.684e-02	1.65	3684.00	0.00
5	0.308503	1.0000e-01	0.0000	0.00000	0.00	2.550e-02	1.98	2550.00	0.00
6	0.486219	1.0000e-01	0.0000	0.00000	0.00	1.485e-02	2.59	1485.00	0.00
7	0.766309	1.0000e-01	0.0000	0.00000	0.00	8.490e-03	3.43	849.00	0.00
8	1.207749	1.0000e-01	0.0000	0.00000	0.00	5.470e-03	4.28	547.00	0.00
9	1.903483	1.0000e-01	0.0000	0.00000	0.00	3.190e-03	5.60	319.00	0.00
10	3.000000	1.0000e-01	0.0000	0.00000	0.00	2.130e-03	6.85	213.00	0.00
-----------------------------------------------------------------------------------

