True coincidence factor calculation results.

Decay branch(es):
 

Date: 04/09/2023
Time: 20:19:44

Calculation settings:
cp.xrays = false
cp.annihilation = false
cp.angular = false
cp.angle_optimize = false
cp.calc_full_eff = false
cp.calc_spectrum = false
cp.calc_coincidence = false
cp.calc_scattered = false
cp.calc_effc = false
cp.calc_electron_ttb = true

DetectorType = SCINTILLATOR
DS_CrystalDiameter = 4 cm
DS_CrystalHeight = 4 cm
DS_CrystalFrontReflectorThickness = 0.1 cm
DS_CrystalSideReflectorThickness = 0.1 cm
DS_CrystalFrontCladdingThickness = 0.1 cm
DS_CrystalSideCladdingThickness = 0.1 cm
DS_DetectorFrontPackagingThickness = 0.2 cm
DS_DetectorSidePackagingThickness = 0.5 cm
DS_DetectorFrontCapThickness = 0.1 cm
DS_DetectorSideCapThickness = 0.1 cm
DS_DetectorMountingThickness = 3 cm

DS_nCrystalElements = 2
DS_ZCrystal[0] = 11
DS_ZCrystal[1] = 53
DS_FractionTypeCrystal = MASS
DS_FractionsCrystal[0] = 0.153373
DS_FractionsCrystal[1] = 0.846627
DS_RoCrystal = 3.667
DS_nCrystalCladdingElements = 1
DS_ZCrystalCladding[0] = 13
DS_FractionTypeCrystalCladding = MASS
DS_FractionsCrystalCladding[0] = 1
DS_RoCrystalCladding = 2.7
DS_nCrystalReflectorElements = 2
DS_ZCrystalReflector[0] = 8
DS_ZCrystalReflector[1] = 12
DS_FractionTypeReflector = MASS
DS_FractionsCrystalReflector[0] = 0.396964
DS_FractionsCrystalReflector[1] = 0.603036
DS_RoCrystalReflector = 3.58
DS_nDetectorCapElements = 2
DS_ZDetectorCap[0] = 1
DS_ZDetectorCap[1] = 6
DS_FractionTypeDetectorCap = MASS
DS_FractionsDetectorCap[0] = 0.078
DS_FractionsDetectorCap[1] = 0.922
DS_RoDetectorCap = 0.04
DS_nDetectorPackagingElements = 1
DS_ZDetectorPackaging[0] = 13
DS_FractionTypeDetectorPackaging = MASS
DS_FractionsDetectorPackaging[0] = 1
DS_RoDetectorPackaging = 2.7

ContainerSource: {
	cells: [Celldata: {form: CylZ, parent_idx: -1, child_idxes: [1], dimension: CellDimension: 1.5, 2.5, 0, 0, position: CellPosition: 0, 0, 0, source: cell_source: []; [], material: Material: {rho=1.38}, elements: {1, 0.04196; 6, 0.625016; 8, 0.333024; }}, Celldata: {form: CylZ, parent_idx: 0, child_idxes: [2], dimension: CellDimension: 1.302, 2.4, 0, 0, position: CellPosition: 0, 0, 0, source: cell_source: []; [], material: Material: {rho=0.001}, elements: {7, 0.755; 8, 0.232; 18, 0.013; }}, Celldata: {form: CylZ, parent_idx: 1, child_idxes: [], dimension: CellDimension: 1.3, 2.4, 0, 0, position: CellPosition: 0, 0, 0, source: cell_source: [0.05, 0.078803, 0.124198, 0.195743, 0.308503, 0.486219, 0.766309, 1.20775, 1.90348, 3]; [1000, 1000, 1000, 1000, 1000, 1000, 1000, 1000, 1000, 1000], material: Material: {rho=1}, elements: {1, 0.111899; 8, 0.888101; }}],
	to_det_distance: 0
}
Number of simulated decays: 1000000

Results:
-----------------------------------------------------------------------------------
##	E, MeV	I	dI(%)	CF	dCF(%)	Eff	dEff(%)	Areas	AreasCoi
-----------------------------------------------------------------------------------
1	0.050000	1.0000e-01	0.0000	0.00000	0.00	7.127e-02	1.18	7127.00	0.00
2	0.078803	1.0000e-01	0.0000	0.00000	0.00	9.421e-02	1.03	9421.00	0.00
3	0.124198	1.0000e-01	0.0000	0.00000	0.00	1.002e-01	1.00	10023.00	0.00
4	0.195743	1.0000e-01	0.0000	0.00000	0.00	8.564e-02	1.08	8564.00	0.00
5	0.308503	1.0000e-01	0.0000	0.00000	0.00	5.742e-02	1.32	5742.00	0.00
6	0.486219	1.0000e-01	0.0000	0.00000	0.00	3.212e-02	1.76	3212.00	0.00
7	0.766309	1.0000e-01	0.0000	0.00000	0.00	1.843e-02	2.33	1843.00	0.00
8	1.207749	1.0000e-01	0.0000	0.00000	0.00	1.026e-02	3.12	1026.00	0.00
9	1.903483	1.0000e-01	0.0000	0.00000	0.00	6.190e-03	4.02	619.00	0.00
10	3.000000	1.0000e-01	0.0000	0.00000	0.00	3.330e-03	5.48	333.00	0.00
-----------------------------------------------------------------------------------

