True coincidence factor calculation results.

Decay branch(es):
 Co-290   B-  Co-290 (0 fs) - 100%

Date: 18/02/2022
Time: 20:39:52

Calculation settings:
cp.xrays = false
cp.annihilation = false
cp.angular = false
cp.angle_optimize = true
cp.calc_full_eff = false
cp.calc_spectrum = false
cp.calc_coincidence = false
cp.calc_scattered = false
cp.calc_effc = false
cp.calc_electron_ttb = false

DetectorType = SCINTILLATOR
DS_CrystalDiameter = 4 cm
DS_CrystalHeight = 4 cm
DS_CrystalFrontReflectorThickness = 0.1 cm
DS_CrystalSideReflectorThickness = 0.1 cm
DS_CrystalFrontCladdingThickness = 0.1 cm
DS_CrystalSideCladdingThickness = 0.1 cm
DS_DetectorFrontPackagingThickness = 0.2 cm
DS_DetectorSidePackagingThickness = 0.5 cm
DS_DetectorFrontCapThickness = 0.1 cm
DS_DetectorSideCapThickness = 0.1 cm
DS_DetectorMountingThickness = 3 cm

SourceType = POINT
pdistance = 1 cm
prho = 0 cm

DS_nCrystalElements = 2
DS_ZCrystal[0] = 11
DS_ZCrystal[1] = 53
DS_FractionTypeCrystal = MASS
DS_FractionsCrystal[0] = 0.153373
DS_FractionsCrystal[1] = 0.846627
DS_RoCrystal = 3.667
DS_nCrystalCladdingElements = 1
DS_ZCrystalCladding[0] = 13
DS_FractionTypeCrystalCladding = MASS
DS_FractionsCrystalCladding[0] = 1
DS_RoCrystalCladding = 2.7
DS_nCrystalReflectorElements = 2
DS_ZCrystalReflector[0] = 8
DS_ZCrystalReflector[1] = 12
DS_FractionTypeReflector = MASS
DS_FractionsCrystalReflector[0] = 0.396964
DS_FractionsCrystalReflector[1] = 0.603036
DS_RoCrystalReflector = 3.58
DS_nDetectorCapElements = 2
DS_ZDetectorCap[0] = 1
DS_ZDetectorCap[1] = 6
DS_FractionTypeDetectorCap = MASS
DS_FractionsDetectorCap[0] = 0.078
DS_FractionsDetectorCap[1] = 0.922
DS_RoDetectorCap = 0.04
DS_nDetectorPackagingElements = 1
DS_ZDetectorPackaging[0] = 13
DS_FractionTypeDetectorPackaging = MASS
DS_FractionsDetectorPackaging[0] = 1
DS_RoDetectorPackaging = 2.7


Number of simulated decays: 1000000

Results:
-----------------------------------------------------------------------------------
##	E, MeV	I	dI(%)	CF	dCF(%)	Eff	dEff(%)	Areas	AreasCoi
-----------------------------------------------------------------------------------
1	0.050000	1.0000e-01	0.0000	0.00000	0.00	1.13e-01	0.54	34045.00	0.00
2	0.078803	1.0000e-01	0.0000	0.00000	0.00	1.41e-01	0.48	42610.00	0.00
3	0.124198	1.0000e-01	0.0000	0.00000	0.00	1.43e-01	0.48	43122.50	0.00
4	0.195743	1.0000e-01	0.0000	0.00000	0.00	1.14e-01	0.54	34344.50	0.00
5	0.308503	1.0000e-01	0.0000	0.00000	0.00	7.00e-02	0.69	21106.00	0.00
6	0.486219	1.0000e-01	0.0000	0.00000	0.00	3.96e-02	0.91	11947.00	0.00
7	0.766309	1.0000e-01	0.0000	0.00000	0.00	2.16e-02	1.24	6510.00	0.00
8	1.207749	1.0000e-01	0.0000	0.00000	0.00	1.30e-02	1.60	3906.00	0.00
9	1.903483	1.0000e-01	0.0000	0.00000	0.00	8.17e-03	2.02	2462.00	0.00
10	3.000000	1.0000e-01	0.0000	0.00000	0.00	5.37e-03	2.49	1619.00	0.00
-----------------------------------------------------------------------------------

