True coincidence factor calculation results.

Decay branch(es):
 Co-290   B-  Co-290 (0 fs) - 100%

Date: 01/12/2022
Time: 22:55:23

Calculation settings:
cp.xrays = false
cp.annihilation = false
cp.angular = false
cp.angle_optimize = false
cp.calc_full_eff = false
cp.calc_spectrum = false
cp.calc_coincidence = false
cp.calc_scattered = false
cp.calc_effc = false
cp.calc_electron_ttb = false

DetectorType = SCINTILLATOR
DS_CrystalDiameter = 4 cm
DS_CrystalHeight = 4 cm
DS_CrystalFrontReflectorThickness = 0.1 cm
DS_CrystalSideReflectorThickness = 0.1 cm
DS_CrystalFrontCladdingThickness = 0.1 cm
DS_CrystalSideCladdingThickness = 0.1 cm
DS_DetectorFrontPackagingThickness = 0.2 cm
DS_DetectorSidePackagingThickness = 0.5 cm
DS_DetectorFrontCapThickness = 0.1 cm
DS_DetectorSideCapThickness = 0.1 cm
DS_DetectorMountingThickness = 3 cm

SourceType = CONE
SK_BeakerToDetectorFrontDistance = 0 cm
SK_BeakerDiameterBottom = 6.7 cm
SK_BeakerDiameterTop = 7.2 cm
SK_BeakerHeight = 3.6 cm
SK_BeakerSideWallThickness = 0.1 cm
SK_BeakerEndWallThickness = 0.1 cm
SK_SourceHeight = 3.4 cm

DS_nCrystalElements = 2
DS_ZCrystal[0] = 11
DS_ZCrystal[1] = 53
DS_FractionTypeCrystal = MASS
DS_FractionsCrystal[0] = 0.153373
DS_FractionsCrystal[1] = 0.846627
DS_RoCrystal = 3.667
DS_nCrystalCladdingElements = 1
DS_ZCrystalCladding[0] = 13
DS_FractionTypeCrystalCladding = MASS
DS_FractionsCrystalCladding[0] = 1
DS_RoCrystalCladding = 2.7
DS_nCrystalReflectorElements = 2
DS_ZCrystalReflector[0] = 8
DS_ZCrystalReflector[1] = 12
DS_FractionTypeReflector = MASS
DS_FractionsCrystalReflector[0] = 0.396964
DS_FractionsCrystalReflector[1] = 0.603036
DS_RoCrystalReflector = 3.58
DS_nDetectorCapElements = 2
DS_ZDetectorCap[0] = 1
DS_ZDetectorCap[1] = 6
DS_FractionTypeDetectorCap = MASS
DS_FractionsDetectorCap[0] = 0.078
DS_FractionsDetectorCap[1] = 0.922
DS_RoDetectorCap = 0.04
DS_nDetectorPackagingElements = 1
DS_ZDetectorPackaging[0] = 13
DS_FractionTypeDetectorPackaging = MASS
DS_FractionsDetectorPackaging[0] = 1
DS_RoDetectorPackaging = 2.7

SK_nWallElements = 3
SK_ZWall[0] = 1
SK_ZWall[1] = 6
SK_ZWall[2] = 8
SK_FractionTypeWall = MASS
SK_FractionsWall[0] = 0.04196
SK_FractionsWall[1] = 0.625016
SK_FractionsWall[2] = 0.333024
SK_RoWall = 1.38
SK_nSourceElements = 2
SK_ZSource[0] = 1
SK_ZSource[1] = 8
SK_FractionTypeSource = MASS
SK_FractionsSource[0] = 0.111899
SK_FractionsSource[1] = 0.888101
SK_RoSource = 1
SK_nEmptySpaceElements = 3
SK_ZEmptySpace[0] = 7
SK_ZEmptySpace[1] = 8
SK_ZEmptySpace[2] = 18
SK_FractionTypeEmptySpace = MASS
SK_FractionsEmptySpace[0] = 0.755
SK_FractionsEmptySpace[1] = 0.2315
SK_FractionsEmptySpace[2] = 0.0129
SK_RoEmptySpace = 0.001

Number of simulated decays: 1000000

Results:
-----------------------------------------------------------------------------------
##	E, MeV	I	dI(%)	CF	dCF(%)	Eff	dEff(%)	Areas	AreasCoi
-----------------------------------------------------------------------------------
1	0.050000	1.0000e-01	0.0000	0.00000	0.00	3.05e-02	1.81	3049.00	0.00
2	0.078803	1.0000e-01	0.0000	0.00000	0.00	4.20e-02	1.54	4205.00	0.00
3	0.124198	1.0000e-01	0.0000	0.00000	0.00	4.61e-02	1.47	4611.00	0.00
4	0.195743	1.0000e-01	0.0000	0.00000	0.00	4.09e-02	1.56	4091.00	0.00
5	0.308503	1.0000e-01	0.0000	0.00000	0.00	2.87e-02	1.87	2871.50	0.00
6	0.486219	1.0000e-01	0.0000	0.00000	0.00	1.72e-02	2.41	1716.00	0.00
7	0.766309	1.0000e-01	0.0000	0.00000	0.00	9.88e-03	3.18	988.00	0.00
8	1.207749	1.0000e-01	0.0000	0.00000	0.00	6.26e-03	4.00	626.00	0.00
9	1.903483	1.0000e-01	0.0000	0.00000	0.00	3.88e-03	5.08	388.00	0.00
10	3.000000	1.0000e-01	0.0000	0.00000	0.00	2.82e-03	5.95	282.00	0.00
-----------------------------------------------------------------------------------

